curl: (22) The requested URL returned error: 429
 ERROR:  curl command failed ( Thu Apr  2 21:11:27 BST 2026 ) with: 22
-X POST https://eutils.ncbi.nlm.nih.gov/entrez/eutils/esearch.fcgi -d retmax=0&usehistory=y&db=protein&term=kinases%5BProtein%20Name%5D%20AND%20Mammalia%20%5BOrganism%5D&tool=edirect&edirect=24.7&edirect_os=Linux
HTTP/1.1 429 Too Many Requests
 WARNING:  FAILURE ( Thu Apr  2 21:11:27 BST 2026 )
nquire -url https://eutils.ncbi.nlm.nih.gov/entrez/eutils/ esearch.fcgi -retmax 0 -usehistory y -db protein -term "kinases[Protein Name] AND Mammalia [Organism]" -tool edirect -edirect 24.7 -edirect_os Linux
EMPTY RESULT
SECOND ATTEMPT
curl: (22) The requested URL returned error: 429
 ERROR:  curl command failed ( Thu Apr  2 21:11:29 BST 2026 ) with: 22
-X POST https://eutils.ncbi.nlm.nih.gov/entrez/eutils/esearch.fcgi -d retmax=0&usehistory=y&db=protein&term=kinases%5BProtein%20Name%5D%20AND%20Mammalia%20%5BOrganism%5D&tool=edirect&edirect=24.7&edirect_os=Linux
HTTP/1.1 429 Too Many Requests
 WARNING:  FAILURE ( Thu Apr  2 21:11:29 BST 2026 )
nquire -url https://eutils.ncbi.nlm.nih.gov/entrez/eutils/ esearch.fcgi -retmax 0 -usehistory y -db protein -term "kinases[Protein Name] AND Mammalia [Organism]" -tool edirect -edirect 24.7 -edirect_os Linux
EMPTY RESULT
LAST ATTEMPT
curl: (22) The requested URL returned error: 429
 ERROR:  curl command failed ( Thu Apr  2 21:11:31 BST 2026 ) with: 22
-X POST https://eutils.ncbi.nlm.nih.gov/entrez/eutils/esearch.fcgi -d retmax=0&usehistory=y&db=protein&term=kinases%5BProtein%20Name%5D%20AND%20Mammalia%20%5BOrganism%5D&tool=edirect&edirect=24.7&edirect_os=Linux
HTTP/1.1 429 Too Many Requests
 ERROR:  FAILURE ( Thu Apr  2 21:11:30 BST 2026 )
nquire -url https://eutils.ncbi.nlm.nih.gov/entrez/eutils/ esearch.fcgi -retmax 0 -usehistory y -db protein -term "kinases[Protein Name] AND Mammalia [Organism]" -tool edirect -edirect 24.7 -edirect_os Linux
EMPTY RESULT
QUERY FAILURE
curl: (22) The requested URL returned error: 429
 ERROR:  curl command failed ( Thu Apr  2 21:11:33 BST 2026 ) with: 22
-X POST https://eutils.ncbi.nlm.nih.gov/entrez/eutils/esearch.fcgi -d retmax=0&usehistory=y&db=protein&term=kinases%5BProtein%20Name%5D%20AND%20Mammalia%20%5BOrganism%5D&tool=edirect&edirect=24.7&edirect_os=Linux
HTTP/1.1 429 Too Many Requests
Job failed: No FASTA data retrieved.
