Running cleaner command:
'/usr/bin/python3' '/localdisk/home/s2837739/public_html/scripts/seq_cleaner.py' '/localdisk/home/s2837739/public_html/data/jobs/job_30/raw.fasta' '/localdisk/home/s2837739/public_html/data/jobs/job_30/cleaned.fasta'
Total records: 4
Kept: 4
Skipped predicted: 0
Skipped contam: 0
Skipped short: 0
Skipped duplicate: 0
After cleaner:
clean_fasta path: /localdisk/home/s2837739/public_html/data/jobs/job_30/cleaned.fasta
exists: yes
size: 2186
Running cleaner command:
'/usr/bin/python3' '/localdisk/home/s2837739/public_html/scripts/seq_cleaner.py' '/localdisk/home/s2837739/public_html/data/jobs/job_30/raw.fasta' '/localdisk/home/s2837739/public_html/data/jobs/job_30/cleaned.fasta'
Inserted 4 sequences for job_id 30.
After cleaner:
clean_fasta path: /localdisk/home/s2837739/public_html/data/jobs/job_30/cleaned.fasta
exists: yes
size: 2186
Plot conservation of a sequence alignment
Window size [4]: Created /localdisk/home/s2837739/public_html/data/jobs/job_30/plotcon.1.png
Scan a protein sequence with motifs from the PROSITE database
Scan a protein sequence with motifs from the PROSITE database
Scan a protein sequence with motifs from the PROSITE database
Scan a protein sequence with motifs from the PROSITE database
Processing: /localdisk/home/s2837739/public_html/data/jobs/job_30/patmat_outputs/CAA65449.1_motifs.tsv
Processing: /localdisk/home/s2837739/public_html/data/jobs/job_30/patmat_outputs/KAI6072103.1_motifs.tsv
Processing: /localdisk/home/s2837739/public_html/data/jobs/job_30/patmat_outputs/KAI6077184.1_motifs.tsv
Processing: /localdisk/home/s2837739/public_html/data/jobs/job_30/patmat_outputs/KAI6077391.1_motifs.tsv
Import complete.
Inserted: 4
Duplicates skipped: 0
Other skipped rows/files: 0
Job 30 completed successfully.
